2019-01-21 11:17:26.767  INFO 9188 --- [restartedMain] com.yunhe.TradestewardApplication        : Starting TradestewardApplication on PC201501241736 with PID 9188 (C:\Users\Administrator\Desktop\Tradesteward\target\classes started by Administrator in C:\Users\Administrator\Desktop\Tradesteward)
2019-01-21 11:17:26.771  INFO 9188 --- [restartedMain] com.yunhe.TradestewardApplication        : The following profiles are active: dev
2019-01-21 11:17:26.841  INFO 9188 --- [restartedMain] .e.DevToolsPropertyDefaultsPostProcessor : Devtools property defaults active! Set 'spring.devtools.add-properties' to 'false' to disable
2019-01-21 11:17:26.842  INFO 9188 --- [restartedMain] .e.DevToolsPropertyDefaultsPostProcessor : For additional web related logging consider setting the 'logging.level.web' property to 'DEBUG'
2019-01-21 11:17:28.142  WARN 9188 --- [restartedMain] o.m.s.mapper.ClassPathMapperScanner      : Skipping MapperFactoryBean with name 'commodiTytemplateMapper' and 'com.yunhe.activitymanagement.dao.CommodiTytemplateMapper' mapperInterface. Bean already defined with the same name!
2019-01-21 11:17:28.143  WARN 9188 --- [restartedMain] o.m.s.mapper.ClassPathMapperScanner      : Skipping MapperFactoryBean with name 'merchandisePackageMapper' and 'com.yunhe.activitymanagement.dao.MerchandisePackageMapper' mapperInterface. Bean already defined with the same name!
2019-01-21 11:17:28.143  WARN 9188 --- [restartedMain] o.m.s.mapper.ClassPathMapperScanner      : Skipping MapperFactoryBean with name 'packageCommodityMapper' and 'com.yunhe.activitymanagement.dao.PackageCommodityMapper' mapperInterface. Bean already defined with the same name!
2019-01-21 11:17:28.143  WARN 9188 --- [restartedMain] o.m.s.mapper.ClassPathMapperScanner      : Skipping MapperFactoryBean with name 'templateDetailsMapper' and 'com.yunhe.activitymanagement.dao.TemplateDetailsMapper' mapperInterface. Bean already defined with the same name!
2019-01-21 11:17:28.144  WARN 9188 --- [restartedMain] o.m.s.mapper.ClassPathMapperScanner      : Skipping MapperFactoryBean with name 'commclassMapper' and 'com.yunhe.basicdata.dao.CommclassMapper' mapperInterface. Bean already defined with the same name!
2019-01-21 11:17:28.144  WARN 9188 --- [restartedMain] o.m.s.mapper.ClassPathMapperScanner      : Skipping MapperFactoryBean with name 'commodityListMapper' and 'com.yunhe.basicdata.dao.CommodityListMapper' mapperInterface. Bean already defined with the same name!
2019-01-21 11:17:28.144  WARN 9188 --- [restartedMain] o.m.s.mapper.ClassPathMapperScanner      : Skipping MapperFactoryBean with name 'propertyMapper' and 'com.yunhe.basicdata.dao.PropertyMapper' mapperInterface. Bean already defined with the same name!
2019-01-21 11:17:28.144  WARN 9188 --- [restartedMain] o.m.s.mapper.ClassPathMapperScanner      : Skipping MapperFactoryBean with name 'settlementAccountMapper' and 'com.yunhe.basicdata.dao.SettlementAccountMapper' mapperInterface. Bean already defined with the same name!
2019-01-21 11:17:28.145  WARN 9188 --- [restartedMain] o.m.s.mapper.ClassPathMapperScanner      : Skipping MapperFactoryBean with name 'warehouseManagementMapper' and 'com.yunhe.basicdata.dao.WarehouseManagementMapper' mapperInterface. Bean already defined with the same name!
2019-01-21 11:17:28.145  WARN 9188 --- [restartedMain] o.m.s.mapper.ClassPathMapperScanner      : Skipping MapperFactoryBean with name 'accountTransferMapper' and 'com.yunhe.billmanagement.dao.AccountTransferMapper' mapperInterface. Bean already defined with the same name!
2019-01-21 11:17:28.145  WARN 9188 --- [restartedMain] o.m.s.mapper.ClassPathMapperScanner      : Skipping MapperFactoryBean with name 'financeClassifyMapper' and 'com.yunhe.billmanagement.dao.FinanceClassifyMapper' mapperInterface. Bean already defined with the same name!
2019-01-21 11:17:28.145  WARN 9188 --- [restartedMain] o.m.s.mapper.ClassPathMapperScanner      : Skipping MapperFactoryBean with name 'financeOrderMapper' and 'com.yunhe.billmanagement.dao.FinanceOrderMapper' mapperInterface. Bean already defined with the same name!
2019-01-21 11:17:28.146  WARN 9188 --- [restartedMain] o.m.s.mapper.ClassPathMapperScanner      : Skipping MapperFactoryBean with name 'fundClientDebtMapper' and 'com.yunhe.billmanagement.dao.FundClientDebtMapper' mapperInterface. Bean already defined with the same name!
2019-01-21 11:17:28.146  WARN 9188 --- [restartedMain] o.m.s.mapper.ClassPathMapperScanner      : Skipping MapperFactoryBean with name 'fundProviderDebtMapper' and 'com.yunhe.billmanagement.dao.FundProviderDebtMapper' mapperInterface. Bean already defined with the same name!
2019-01-21 11:17:28.146  WARN 9188 --- [restartedMain] o.m.s.mapper.ClassPathMapperScanner      : Skipping MapperFactoryBean with name 'runningAccountsMapper' and 'com.yunhe.billmanagement.dao.RunningAccountsMapper' mapperInterface. Bean already defined with the same name!
2019-01-21 11:17:28.146  WARN 9188 --- [restartedMain] o.m.s.mapper.ClassPathMapperScanner      : Skipping MapperFactoryBean with name 'purchaseHistoryMapper' and 'com.yunhe.cargomanagement.dao.PurchaseHistoryMapper' mapperInterface. Bean already defined with the same name!
2019-01-21 11:17:28.147  WARN 9188 --- [restartedMain] o.m.s.mapper.ClassPathMapperScanner      : Skipping MapperFactoryBean with name 'purchaseOrderMapper' and 'com.yunhe.cargomanagement.dao.PurchaseOrderMapper' mapperInterface. Bean already defined with the same name!
2019-01-21 11:17:28.147  WARN 9188 --- [restartedMain] o.m.s.mapper.ClassPathMapperScanner      : Skipping MapperFactoryBean with name 'purchaseReturnHistoryMapper' and 'com.yunhe.cargomanagement.dao.PurchaseReturnHistoryMapper' mapperInterface. Bean already defined with the same name!
2019-01-21 11:17:28.147  WARN 9188 --- [restartedMain] o.m.s.mapper.ClassPathMapperScanner      : Skipping MapperFactoryBean with name 'salesHistoryMapper' and 'com.yunhe.cargomanagement.dao.SalesHistoryMapper' mapperInterface. Bean already defined with the same name!
2019-01-21 11:17:28.147  WARN 9188 --- [restartedMain] o.m.s.mapper.ClassPathMapperScanner      : Skipping MapperFactoryBean with name 'salesOrderHistoryMapper' and 'com.yunhe.cargomanagement.dao.SalesOrderHistoryMapper' mapperInterface. Bean already defined with the same name!
2019-01-21 11:17:28.147  WARN 9188 --- [restartedMain] o.m.s.mapper.ClassPathMapperScanner      : Skipping MapperFactoryBean with name 'salesReturnHistoryMapper' and 'com.yunhe.cargomanagement.dao.SalesReturnHistoryMapper' mapperInterface. Bean already defined with the same name!
2019-01-21 11:17:28.147  WARN 9188 --- [restartedMain] o.m.s.mapper.ClassPathMapperScanner      : Skipping MapperFactoryBean with name 'succOutWarehouseMapper' and 'com.yunhe.cargomanagement.dao.SuccOutWarehouseMapper' mapperInterface. Bean already defined with the same name!
2019-01-21 11:17:28.148  WARN 9188 --- [restartedMain] o.m.s.mapper.ClassPathMapperScanner      : Skipping MapperFactoryBean with name 'waitOutWarehouseMapper' and 'com.yunhe.cargomanagement.dao.WaitOutWarehouseMapper' mapperInterface. Bean already defined with the same name!
2019-01-21 11:17:28.148  WARN 9188 --- [restartedMain] o.m.s.mapper.ClassPathMapperScanner      : Skipping MapperFactoryBean with name 'warehouseMapper' and 'com.yunhe.cargomanagement.dao.WarehouseMapper' mapperInterface. Bean already defined with the same name!
2019-01-21 11:17:28.148  WARN 9188 --- [restartedMain] o.m.s.mapper.ClassPathMapperScanner      : Skipping MapperFactoryBean with name 'warehouseReceiptMapper' and 'com.yunhe.cargomanagement.dao.WarehouseReceiptMapper' mapperInterface. Bean already defined with the same name!
2019-01-21 11:17:28.148  WARN 9188 --- [restartedMain] o.m.s.mapper.ClassPathMapperScanner      : Skipping MapperFactoryBean with name 'warehouseUndeterminedMapper' and 'com.yunhe.cargomanagement.dao.WarehouseUndeterminedMapper' mapperInterface. Bean already defined with the same name!
2019-01-21 11:17:28.149  WARN 9188 --- [restartedMain] o.m.s.mapper.ClassPathMapperScanner      : Skipping MapperFactoryBean with name 'customerLevelMapper' and 'com.yunhe.customermanagement.dao.CustomerLevelMapper' mapperInterface. Bean already defined with the same name!
2019-01-21 11:17:28.149  WARN 9188 --- [restartedMain] o.m.s.mapper.ClassPathMapperScanner      : Skipping MapperFactoryBean with name 'customerMapper' and 'com.yunhe.customermanagement.dao.CustomerMapper' mapperInterface. Bean already defined with the same name!
2019-01-21 11:17:28.150  WARN 9188 --- [restartedMain] o.m.s.mapper.ClassPathMapperScanner      : Skipping MapperFactoryBean with name 'supplierMapper' and 'com.yunhe.customermanagement.dao.SupplierMapper' mapperInterface. Bean already defined with the same name!
2019-01-21 11:17:28.150  WARN 9188 --- [restartedMain] o.m.s.mapper.ClassPathMapperScanner      : Skipping MapperFactoryBean with name 'charaMangerMapper' and 'com.yunhe.systemsetup.dao.CharaMangerMapper' mapperInterface. Bean already defined with the same name!
2019-01-21 11:17:28.150  WARN 9188 --- [restartedMain] o.m.s.mapper.ClassPathMapperScanner      : Skipping MapperFactoryBean with name 'employMapper' and 'com.yunhe.systemsetup.dao.EmployMapper' mapperInterface. Bean already defined with the same name!
2019-01-21 11:17:28.150  WARN 9188 --- [restartedMain] o.m.s.mapper.ClassPathMapperScanner      : Skipping MapperFactoryBean with name 'guiderMapper' and 'com.yunhe.systemsetup.dao.GuiderMapper' mapperInterface. Bean already defined with the same name!
2019-01-21 11:17:28.150  WARN 9188 --- [restartedMain] o.m.s.mapper.ClassPathMapperScanner      : Skipping MapperFactoryBean with name 'numRuleMapper' and 'com.yunhe.systemsetup.dao.NumRuleMapper' mapperInterface. Bean already defined with the same name!
2019-01-21 11:17:28.151  WARN 9188 --- [restartedMain] o.m.s.mapper.ClassPathMapperScanner      : No MyBatis mapper was found in '[com.yunhe.*.dao]' package. Please check your configuration.
2019-01-21 11:17:28.367  INFO 9188 --- [restartedMain] .s.d.r.c.RepositoryConfigurationDelegate : Bootstrapping Spring Data repositories in DEFAULT mode.
2019-01-21 11:17:28.495  INFO 9188 --- [restartedMain] .s.d.r.c.RepositoryConfigurationDelegate : Finished Spring Data repository scanning in 98ms. Found 0 repository interfaces.
2019-01-21 11:17:29.045  INFO 9188 --- [restartedMain] trationDelegate$BeanPostProcessorChecker : Bean 'org.springframework.transaction.annotation.ProxyTransactionManagementConfiguration' of type [org.springframework.transaction.annotation.ProxyTransactionManagementConfiguration$$EnhancerBySpringCGLIB$$3c70cf1d] is not eligible for getting processed by all BeanPostProcessors (for example: not eligible for auto-proxying)
2019-01-21 11:17:29.196  INFO 9188 --- [restartedMain] trationDelegate$BeanPostProcessorChecker : Bean 'shiroConfig' of type [com.yunhe.config.shiro.ShiroConfig$$EnhancerBySpringCGLIB$$2b3bd58] is not eligible for getting processed by all BeanPostProcessors (for example: not eligible for auto-proxying)
2019-01-21 11:17:29.263  INFO 9188 --- [restartedMain] trationDelegate$BeanPostProcessorChecker : Bean 'mybatis-plus-com.baomidou.mybatisplus.autoconfigure.MybatisPlusProperties' of type [com.baomidou.mybatisplus.autoconfigure.MybatisPlusProperties] is not eligible for getting processed by all BeanPostProcessors (for example: not eligible for auto-proxying)
2019-01-21 11:17:29.286  INFO 9188 --- [restartedMain] trationDelegate$BeanPostProcessorChecker : Bean 'mybatisPlusConfig' of type [com.yunhe.config.mybatis.MybatisPlusConfig$$EnhancerBySpringCGLIB$$32edbf56] is not eligible for getting processed by all BeanPostProcessors (for example: not eligible for auto-proxying)
2019-01-21 11:17:29.293  INFO 9188 --- [restartedMain] trationDelegate$BeanPostProcessorChecker : Bean 'performanceInterceptor' of type [com.baomidou.mybatisplus.extension.plugins.PerformanceInterceptor] is not eligible for getting processed by all BeanPostProcessors (for example: not eligible for auto-proxying)
2019-01-21 11:17:29.304  INFO 9188 --- [restartedMain] trationDelegate$BeanPostProcessorChecker : Bean 'optimisticLockerInterceptor' of type [com.baomidou.mybatisplus.extension.plugins.OptimisticLockerInterceptor] is not eligible for getting processed by all BeanPostProcessors (for example: not eligible for auto-proxying)
2019-01-21 11:17:29.314  INFO 9188 --- [restartedMain] trationDelegate$BeanPostProcessorChecker : Bean 'paginationInterceptor' of type [com.baomidou.mybatisplus.extension.plugins.PaginationInterceptor] is not eligible for getting processed by all BeanPostProcessors (for example: not eligible for auto-proxying)
2019-01-21 11:17:29.333  INFO 9188 --- [restartedMain] trationDelegate$BeanPostProcessorChecker : Bean 'com.baomidou.mybatisplus.autoconfigure.MybatisPlusAutoConfiguration' of type [com.baomidou.mybatisplus.autoconfigure.MybatisPlusAutoConfiguration$$EnhancerBySpringCGLIB$$7a393bb7] is not eligible for getting processed by all BeanPostProcessors (for example: not eligible for auto-proxying)
2019-01-21 11:17:29.341  INFO 9188 --- [restartedMain] trationDelegate$BeanPostProcessorChecker : Bean 'org.springframework.boot.autoconfigure.jdbc.DataSourceConfiguration$Hikari' of type [org.springframework.boot.autoconfigure.jdbc.DataSourceConfiguration$Hikari] is not eligible for getting processed by all BeanPostProcessors (for example: not eligible for auto-proxying)
2019-01-21 11:17:29.357  INFO 9188 --- [restartedMain] trationDelegate$BeanPostProcessorChecker : Bean 'spring.datasource-org.springframework.boot.autoconfigure.jdbc.DataSourceProperties' of type [org.springframework.boot.autoconfigure.jdbc.DataSourceProperties] is not eligible for getting processed by all BeanPostProcessors (for example: not eligible for auto-proxying)
2019-01-21 11:17:29.402  INFO 9188 --- [restartedMain] trationDelegate$BeanPostProcessorChecker : Bean 'dataSource' of type [com.zaxxer.hikari.HikariDataSource] is not eligible for getting processed by all BeanPostProcessors (for example: not eligible for auto-proxying)
2019-01-21 11:17:29.438  INFO 9188 --- [restartedMain] trationDelegate$BeanPostProcessorChecker : Bean 'org.springframework.boot.autoconfigure.jdbc.DataSourceInitializerInvoker' of type [org.springframework.boot.autoconfigure.jdbc.DataSourceInitializerInvoker] is not eligible for getting processed by all BeanPostProcessors (for example: not eligible for auto-proxying)
2019-01-21 11:17:29.640  WARN 9188 --- [restartedMain] com.zaxxer.hikari.HikariConfig           : DatebookHikariCP - idleTimeout is close to or more than maxLifetime, disabling it.
2019-01-21 11:17:29.640  INFO 9188 --- [restartedMain] com.zaxxer.hikari.HikariDataSource       : DatebookHikariCP - Starting...
2019-01-21 11:17:29.991  INFO 9188 --- [restartedMain] com.zaxxer.hikari.HikariDataSource       : DatebookHikariCP - Start completed.
2019-01-21 11:17:30.553  WARN 9188 --- [restartedMain] c.b.m.core.toolkit.TableInfoHelper       : Warn: Could not find @TableId in Class: com.yunhe.basicdata.entity.Commclass.
2019-01-21 11:17:31.037  WARN 9188 --- [restartedMain] c.b.m.core.toolkit.TableInfoHelper       : Warn: Could not find @TableId in Class: com.yunhe.billmanagement.entity.FundProviderDebt.
2019-01-21 11:17:31.083  WARN 9188 --- [restartedMain] c.b.m.core.toolkit.TableInfoHelper       : Warn: Could not find @TableId in Class: com.yunhe.billmanagement.entity.RunningAccounts.
2019-01-21 11:17:31.603  WARN 9188 --- [restartedMain] c.b.m.core.toolkit.TableInfoHelper       : Warn: Could not find @TableId in Class: com.yunhe.customermanagement.entity.CustomerLevel.
2019-01-21 11:17:31.781  WARN 9188 --- [restartedMain] c.b.m.core.toolkit.TableInfoHelper       : Warn: Could not find @TableId in Class: com.yunhe.systemsetup.entity.Guider.
2019-01-21 11:17:31.809  WARN 9188 --- [restartedMain] c.b.m.core.toolkit.TableInfoHelper       : Warn: Could not find @TableId in Class: com.yunhe.systemsetup.entity.NumRule.
2019-01-21 11:17:31.845  INFO 9188 --- [restartedMain] trationDelegate$BeanPostProcessorChecker : Bean 'sqlSessionFactory' of type [org.apache.ibatis.session.defaults.DefaultSqlSessionFactory] is not eligible for getting processed by all BeanPostProcessors (for example: not eligible for auto-proxying)
2019-01-21 11:17:31.857  INFO 9188 --- [restartedMain] trationDelegate$BeanPostProcessorChecker : Bean 'sqlSessionTemplate' of type [org.mybatis.spring.SqlSessionTemplate] is not eligible for getting processed by all BeanPostProcessors (for example: not eligible for auto-proxying)
2019-01-21 11:17:31.868  INFO 9188 --- [restartedMain] trationDelegate$BeanPostProcessorChecker : Bean 'employMapper' of type [org.mybatis.spring.mapper.MapperFactoryBean] is not eligible for getting processed by all BeanPostProcessors (for example: not eligible for auto-proxying)
2019-01-21 11:17:31.875  INFO 9188 --- [restartedMain] trationDelegate$BeanPostProcessorChecker : Bean 'employMapper' of type [com.sun.proxy.$Proxy88] is not eligible for getting processed by all BeanPostProcessors (for example: not eligible for auto-proxying)
2019-01-21 11:17:31.897  INFO 9188 --- [restartedMain] trationDelegate$BeanPostProcessorChecker : Bean 'loginServiceImpl' of type [com.yunhe.core.common.login.service.impl.LoginServiceImpl] is not eligible for getting processed by all BeanPostProcessors (for example: not eligible for auto-proxying)
2019-01-21 11:17:31.898  INFO 9188 --- [restartedMain] trationDelegate$BeanPostProcessorChecker : Bean 'userRealm' of type [com.yunhe.config.shiro.UserRealm] is not eligible for getting processed by all BeanPostProcessors (for example: not eligible for auto-proxying)
2019-01-21 11:17:32.092  INFO 9188 --- [restartedMain] trationDelegate$BeanPostProcessorChecker : Bean 'securityManager' of type [org.apache.shiro.web.mgt.DefaultWebSecurityManager] is not eligible for getting processed by all BeanPostProcessors (for example: not eligible for auto-proxying)
2019-01-21 11:17:32.624  INFO 9188 --- [restartedMain] o.s.b.w.embedded.tomcat.TomcatWebServer  : Tomcat initialized with port(s): 8080 (http)
2019-01-21 11:17:32.659  INFO 9188 --- [restartedMain] o.apache.catalina.core.StandardService   : Starting service [Tomcat]
2019-01-21 11:17:32.659  INFO 9188 --- [restartedMain] org.apache.catalina.core.StandardEngine  : Starting Servlet Engine: Apache Tomcat/9.0.13
2019-01-21 11:17:32.669  INFO 9188 --- [restartedMain] o.a.catalina.core.AprLifecycleListener   : The APR based Apache Tomcat Native library which allows optimal performance in production environments was not found on the java.library.path: [D:\developer\jdk1.8.0_65\bin;C:\Windows\Sun\Java\bin;C:\Windows\system32;C:\Windows;C:\Windows\system32;C:\Windows;C:\Windows\System32\Wbem;C:\Windows\System32\WindowsPowerShell\v1.0\;D:\developer\jdk1.8.0_65\bin;D:\developer\jdk1.8.0_65\jre\bin;D:\developer\mysql-8.0.13\bin;C:\Program Files\Git\cmd;;C:\Program Files\Docker Toolbox;.]
2019-01-21 11:17:32.820  INFO 9188 --- [restartedMain] o.a.c.c.C.[Tomcat].[localhost].[/]       : Initializing Spring embedded WebApplicationContext
2019-01-21 11:17:32.820  INFO 9188 --- [restartedMain] o.s.web.context.ContextLoader            : Root WebApplicationContext: initialization completed in 5978 ms
2019-01-21 11:17:33.571  WARN 9188 --- [restartedMain] c.b.m.core.toolkit.TableInfoHelper       : Warn: Could not find @TableId in Class: com.yunhe.activitymanagement.entity.PackageCommodity.
2019-01-21 11:17:37.966  INFO 9188 --- [restartedMain] o.s.s.concurrent.ThreadPoolTaskExecutor  : Initializing ExecutorService 'applicationTaskExecutor'
2019-01-21 11:17:38.286  WARN 9188 --- [restartedMain] org.thymeleaf.templatemode.TemplateMode  : [THYMELEAF][restartedMain] Template Mode 'HTML5' is deprecated. Using Template Mode 'HTML' instead.
2019-01-21 11:17:38.341  INFO 9188 --- [restartedMain] o.s.b.a.w.s.WelcomePageHandlerMapping    : Adding welcome page template: index
2019-01-21 11:17:38.829  INFO 9188 --- [restartedMain] o.s.s.c.ThreadPoolTaskScheduler          : Initializing ExecutorService 'taskScheduler'
2019-01-21 11:17:40.312  INFO 9188 --- [restartedMain] o.s.b.d.a.OptionalLiveReloadServer       : LiveReload server is running on port 35729
2019-01-21 11:17:40.430  INFO 9188 --- [restartedMain] o.s.b.w.embedded.tomcat.TomcatWebServer  : Tomcat started on port(s): 8080 (http) with context path ''
2019-01-21 11:17:40.436  INFO 9188 --- [restartedMain] com.yunhe.TradestewardApplication        : Started TradestewardApplication in 14.806 seconds (JVM running for 16.352)
2019-01-21 11:17:43.202  INFO 9188 --- [http-nio-8080-exec-1] o.apache.tomcat.util.http.parser.Cookie  : A cookie header was received [1547601837,1547626005,1547861464; Hm_lvt_080836300300be57b7f34f4b3e97d911=1547865117,1547869176,1547814965,1548039835; JSESSIONID=57C206E4AB3D7402ADCCA58F37DDDE4A; Hm_lpvt_080836300300be57b7f34f4b3e97d911=1548040440] that contained an invalid cookie. That cookie will be ignored.Note: further occurrences of this error will be logged at DEBUG level.
2019-01-21 11:17:43.231  INFO 9188 --- [http-nio-8080-exec-1] o.a.c.c.C.[Tomcat].[localhost].[/]       : Initializing Spring DispatcherServlet 'dispatcherServlet'
2019-01-21 11:17:43.232  INFO 9188 --- [http-nio-8080-exec-1] o.s.web.servlet.DispatcherServlet        : Initializing Servlet 'dispatcherServlet'
2019-01-21 11:17:43.252  INFO 9188 --- [http-nio-8080-exec-1] o.s.web.servlet.DispatcherServlet        : Completed initialization in 20 ms
2019-01-21 11:17:44.481  INFO 9188 --- [http-nio-8080-exec-3] com.yunhe.core.aop.WebLogAspect          : <--**********************日志开始**************************-->
2019-01-21 11:17:44.484  INFO 9188 --- [http-nio-8080-exec-3] com.yunhe.core.aop.WebLogAspect          : URL=http://localhost:8080/cargomanagement/sales-order-history/index1
2019-01-21 11:17:44.484  INFO 9188 --- [http-nio-8080-exec-3] com.yunhe.core.aop.WebLogAspect          : Method=GET
2019-01-21 11:17:44.484  INFO 9188 --- [http-nio-8080-exec-3] com.yunhe.core.aop.WebLogAspect          : IP=0:0:0:0:0:0:0:1
2019-01-21 11:17:44.487  INFO 9188 --- [http-nio-8080-exec-3] com.yunhe.core.aop.WebLogAspect          : Class_Method=com.yunhe.cargomanagement.controller.SalesOrderHistoryController.index
2019-01-21 11:17:44.487  INFO 9188 --- [http-nio-8080-exec-3] com.yunhe.core.aop.WebLogAspect          : args={}
2019-01-21 11:17:44.487  INFO 9188 --- [http-nio-8080-exec-3] com.yunhe.core.aop.WebLogAspect          : HTTP_Method
2019-01-21 11:17:44.487  INFO 9188 --- [http-nio-8080-exec-3] com.yunhe.core.aop.WebLogAspect          : <--**********************日志结束**************************-->
2019-01-21 11:17:44.492  INFO 9188 --- [http-nio-8080-exec-3] com.yunhe.core.aop.WebLogAspect          : response=ModelAndView [view="/cargomanagement/salesOrderHistory"; model=null]
2019-01-21 11:17:45.143  INFO 9188 --- [http-nio-8080-exec-4] com.yunhe.core.aop.WebLogAspect          : <--**********************日志开始**************************-->
2019-01-21 11:17:45.143  INFO 9188 --- [http-nio-8080-exec-4] com.yunhe.core.aop.WebLogAspect          : URL=http://localhost:8080/cargomanagement/sales-order-history/quertLikeList
2019-01-21 11:17:45.143  INFO 9188 --- [http-nio-8080-exec-4] com.yunhe.core.aop.WebLogAspect          : Method=POST
2019-01-21 11:17:45.143  INFO 9188 --- [http-nio-8080-exec-4] com.yunhe.core.aop.WebLogAspect          : IP=0:0:0:0:0:0:0:1
2019-01-21 11:17:45.143  INFO 9188 --- [http-nio-8080-exec-4] com.yunhe.core.aop.WebLogAspect          : Class_Method=com.yunhe.cargomanagement.controller.SalesOrderHistoryController.quertLikeList
2019-01-21 11:17:45.143  INFO 9188 --- [http-nio-8080-exec-4] com.yunhe.core.aop.WebLogAspect          : args=1
2019-01-21 11:17:45.144  INFO 9188 --- [http-nio-8080-exec-4] com.yunhe.core.aop.WebLogAspect          : HTTP_Method
2019-01-21 11:17:45.144  INFO 9188 --- [http-nio-8080-exec-4] com.yunhe.core.aop.WebLogAspect          : <--**********************日志结束**************************-->
2019-01-21 11:17:45.298  INFO 9188 --- [http-nio-8080-exec-4] com.yunhe.core.aop.WebLogAspect          : response={total=13, totalPage=4, pageSize=4, salesOrderHistory=SalesOrderHistory(id=null, soDate=null, soOrderNum=, soStatus=null, soAuditor=null, soClient=, soOrderComm=null, soOrderCount=null, soDiscount=null, soMoney=null, soEarnest=null, soBills=null, soBillDate=null, soSellCount=null, soDevlierDate=null, soHander=null, soMaker=null, soRemark=null, orderConnectComms=null), page=[SalesOrderHistory(id=1, soDate=2017-07-25, soOrderNum=XDD20170725001, soStatus=未审核, soAuditor=老板, soClient=智慧商贸, soOrderComm=红米note3、诺基亚800, soOrderCount=2, soDiscount=0.0, soMoney=11394.0, soEarnest=500.0, soBills=null, soBillDate=2017-07-25, soSellCount=6, soDevlierDate=2017-7-26, soHander=老板, soMaker=老板, soRemark=null, orderConnectComms=null), SalesOrderHistory(id=2, soDate=2017-07-25, soOrderNum=XDD20170725002, soStatus=未审核, soAuditor=老板, soClient=智慧商贸, soOrderComm=红米note3、诺基亚800, soOrderCount=2, soDiscount=0.0, soMoney=11394.0, soEarnest=500.0, soBills=null, soBillDate=2017-07-25, soSellCount=6, soDevlierDate=2017-7-26, soHander=老板, soMaker=老板, soRemark=null, orderConnectComms=null), SalesOrderHistory(id=3, soDate=2017-07-25, soOrderNum=XDD20170725003, soStatus=未审核, soAuditor=老板, soClient=智慧商贸, soOrderComm=红米note3、诺基亚800, soOrderCount=2, soDiscount=0.0, soMoney=11394.0, soEarnest=500.0, soBills=null, soBillDate=2017-07-25, soSellCount=6, soDevlierDate=2017-7-26, soHander=老板, soMaker=老板, soRemark=null, orderConnectComms=null), SalesOrderHistory(id=5, soDate=2017-07-25, soOrderNum=XDD20170725005, soStatus=未审核, soAuditor=老板, soClient=智慧商贸, soOrderComm=红米note3、诺基亚800, soOrderCount=2, soDiscount=0.0, soMoney=11394.0, soEarnest=500.0, soBills=null, soBillDate=2017-07-25, soSellCount=6, soDevlierDate=2017-7-26, soHander=老板, soMaker=老板, soRemark=null, orderConnectComms=null)], pageNum=1}
2019-01-21 13:19:12.431  INFO 9188 --- [http-nio-8080-exec-8] com.yunhe.core.aop.WebLogAspect          : <--**********************日志开始**************************-->
2019-01-21 13:19:12.431  INFO 9188 --- [http-nio-8080-exec-8] com.yunhe.core.aop.WebLogAspect          : URL=http://localhost:8080/cargomanagement/sales-order-history/index1
2019-01-21 13:19:12.432  INFO 9188 --- [http-nio-8080-exec-8] com.yunhe.core.aop.WebLogAspect          : Method=GET
2019-01-21 13:19:12.432  INFO 9188 --- [http-nio-8080-exec-8] com.yunhe.core.aop.WebLogAspect          : IP=0:0:0:0:0:0:0:1
2019-01-21 13:19:12.432  INFO 9188 --- [http-nio-8080-exec-8] com.yunhe.core.aop.WebLogAspect          : Class_Method=com.yunhe.cargomanagement.controller.SalesOrderHistoryController.index
2019-01-21 13:19:12.432  INFO 9188 --- [http-nio-8080-exec-8] com.yunhe.core.aop.WebLogAspect          : args={}
2019-01-21 13:19:12.432  INFO 9188 --- [http-nio-8080-exec-8] com.yunhe.core.aop.WebLogAspect          : HTTP_Method
2019-01-21 13:19:12.432  INFO 9188 --- [http-nio-8080-exec-8] com.yunhe.core.aop.WebLogAspect          : <--**********************日志结束**************************-->
2019-01-21 13:19:12.432  INFO 9188 --- [http-nio-8080-exec-8] com.yunhe.core.aop.WebLogAspect          : response=ModelAndView [view="/cargomanagement/salesOrderHistory"; model=null]
2019-01-21 13:19:12.735  INFO 9188 --- [http-nio-8080-exec-9] com.yunhe.core.aop.WebLogAspect          : <--**********************日志开始**************************-->
2019-01-21 13:19:12.736  INFO 9188 --- [http-nio-8080-exec-9] com.yunhe.core.aop.WebLogAspect          : URL=http://localhost:8080/cargomanagement/sales-order-history/quertLikeList
2019-01-21 13:19:12.736  INFO 9188 --- [http-nio-8080-exec-9] com.yunhe.core.aop.WebLogAspect          : Method=POST
2019-01-21 13:19:12.736  INFO 9188 --- [http-nio-8080-exec-9] com.yunhe.core.aop.WebLogAspect          : IP=0:0:0:0:0:0:0:1
2019-01-21 13:19:12.736  INFO 9188 --- [http-nio-8080-exec-9] com.yunhe.core.aop.WebLogAspect          : Class_Method=com.yunhe.cargomanagement.controller.SalesOrderHistoryController.quertLikeList
2019-01-21 13:19:12.736  INFO 9188 --- [http-nio-8080-exec-9] com.yunhe.core.aop.WebLogAspect          : args=1
2019-01-21 13:19:12.736  INFO 9188 --- [http-nio-8080-exec-9] com.yunhe.core.aop.WebLogAspect          : HTTP_Method
2019-01-21 13:19:12.736  INFO 9188 --- [http-nio-8080-exec-9] com.yunhe.core.aop.WebLogAspect          : <--**********************日志结束**************************-->
2019-01-21 13:19:12.754  INFO 9188 --- [http-nio-8080-exec-9] com.yunhe.core.aop.WebLogAspect          : response={total=13, totalPage=4, pageSize=4, salesOrderHistory=SalesOrderHistory(id=null, soDate=null, soOrderNum=, soStatus=null, soAuditor=null, soClient=, soOrderComm=null, soOrderCount=null, soDiscount=null, soMoney=null, soEarnest=null, soBills=null, soBillDate=null, soSellCount=null, soDevlierDate=null, soHander=null, soMaker=null, soRemark=null, orderConnectComms=null), page=[SalesOrderHistory(id=1, soDate=2017-07-25, soOrderNum=XDD20170725001, soStatus=未审核, soAuditor=老板, soClient=智慧商贸, soOrderComm=红米note3、诺基亚800, soOrderCount=2, soDiscount=0.0, soMoney=11394.0, soEarnest=500.0, soBills=null, soBillDate=2017-07-25, soSellCount=6, soDevlierDate=2017-7-26, soHander=老板, soMaker=老板, soRemark=null, orderConnectComms=null), SalesOrderHistory(id=2, soDate=2017-07-25, soOrderNum=XDD20170725002, soStatus=未审核, soAuditor=老板, soClient=智慧商贸, soOrderComm=红米note3、诺基亚800, soOrderCount=2, soDiscount=0.0, soMoney=11394.0, soEarnest=500.0, soBills=null, soBillDate=2017-07-25, soSellCount=6, soDevlierDate=2017-7-26, soHander=老板, soMaker=老板, soRemark=null, orderConnectComms=null), SalesOrderHistory(id=3, soDate=2017-07-25, soOrderNum=XDD20170725003, soStatus=未审核, soAuditor=老板, soClient=智慧商贸, soOrderComm=红米note3、诺基亚800, soOrderCount=2, soDiscount=0.0, soMoney=11394.0, soEarnest=500.0, soBills=null, soBillDate=2017-07-25, soSellCount=6, soDevlierDate=2017-7-26, soHander=老板, soMaker=老板, soRemark=null, orderConnectComms=null), SalesOrderHistory(id=5, soDate=2017-07-25, soOrderNum=XDD20170725005, soStatus=未审核, soAuditor=老板, soClient=智慧商贸, soOrderComm=红米note3、诺基亚800, soOrderCount=2, soDiscount=0.0, soMoney=11394.0, soEarnest=500.0, soBills=null, soBillDate=2017-07-25, soSellCount=6, soDevlierDate=2017-7-26, soHander=老板, soMaker=老板, soRemark=null, orderConnectComms=null)], pageNum=1}
2019-01-21 13:19:18.110  INFO 9188 --- [http-nio-8080-exec-3] com.yunhe.core.aop.WebLogAspect          : <--**********************日志开始**************************-->
2019-01-21 13:19:18.111  INFO 9188 --- [http-nio-8080-exec-3] com.yunhe.core.aop.WebLogAspect          : URL=http://localhost:8080/cargomanagement/purchase-history/purchasehistoryList
2019-01-21 13:19:18.111  INFO 9188 --- [http-nio-8080-exec-3] com.yunhe.core.aop.WebLogAspect          : Method=GET
2019-01-21 13:19:18.111  INFO 9188 --- [http-nio-8080-exec-3] com.yunhe.core.aop.WebLogAspect          : IP=0:0:0:0:0:0:0:1
2019-01-21 13:19:18.111  INFO 9188 --- [http-nio-8080-exec-3] com.yunhe.core.aop.WebLogAspect          : Class_Method=com.yunhe.cargomanagement.controller.PurchaseHistoryController.getGoToPurchaseHistory
2019-01-21 13:19:18.112  INFO 9188 --- [http-nio-8080-exec-3] com.yunhe.core.aop.WebLogAspect          : args={}
2019-01-21 13:19:18.112  INFO 9188 --- [http-nio-8080-exec-3] com.yunhe.core.aop.WebLogAspect          : HTTP_Method
2019-01-21 13:19:18.112  INFO 9188 --- [http-nio-8080-exec-3] com.yunhe.core.aop.WebLogAspect          : <--**********************日志结束**************************-->
2019-01-21 13:19:18.117  INFO 9188 --- [http-nio-8080-exec-3] com.yunhe.core.aop.WebLogAspect          : response=ModelAndView [view="cargomanagement/purhistory-list"; model=null]
2019-01-21 13:19:18.420  INFO 9188 --- [http-nio-8080-exec-7] com.yunhe.core.aop.WebLogAspect          : <--**********************日志开始**************************-->
2019-01-21 13:19:18.420  INFO 9188 --- [http-nio-8080-exec-7] com.yunhe.core.aop.WebLogAspect          : URL=http://localhost:8080/cargomanagement/purchase-history/getPurchaseHistoryPage
2019-01-21 13:19:18.420  INFO 9188 --- [http-nio-8080-exec-7] com.yunhe.core.aop.WebLogAspect          : Method=POST
2019-01-21 13:19:18.420  INFO 9188 --- [http-nio-8080-exec-7] com.yunhe.core.aop.WebLogAspect          : IP=0:0:0:0:0:0:0:1
2019-01-21 13:19:18.421  INFO 9188 --- [http-nio-8080-exec-7] com.yunhe.core.aop.WebLogAspect          : Class_Method=com.yunhe.cargomanagement.controller.PurchaseHistoryController.getPurchaseHistoryByPhNumber
2019-01-21 13:19:18.421  INFO 9188 --- [http-nio-8080-exec-7] com.yunhe.core.aop.WebLogAspect          : args=1
2019-01-21 13:19:18.421  INFO 9188 --- [http-nio-8080-exec-7] com.yunhe.core.aop.WebLogAspect          : HTTP_Method
2019-01-21 13:19:18.421  INFO 9188 --- [http-nio-8080-exec-7] com.yunhe.core.aop.WebLogAspect          : <--**********************日志结束**************************-->
2019-01-21 13:19:18.473  INFO 9188 --- [http-nio-8080-exec-7] com.yunhe.core.aop.WebLogAspect          : response={total=1, pages=1, list=[PurchaseHistory(id=5, phDate=2019-01-04, phNumber=YJDD201901151530, phSupname=供应商1, phClname=超级多, phQuantity=10, phAmountPayable=49.99, phAmountPaid=49.99, phWarehouse=默认仓库, phBill=1.jpg, phJindate=2019-01-15 17:04:21, phManeyHu=现金, phExperiencedPerson=老板1, phSinglePerson=老板, phOtherExpenses=1, phWarehousingStatus=未入库, phRemarks=这是一个备注)]}
2019-01-21 13:19:37.638  INFO 9188 --- [http-nio-8080-exec-10] com.yunhe.core.aop.WebLogAspect          : <--**********************日志开始**************************-->
2019-01-21 13:19:37.639  INFO 9188 --- [http-nio-8080-exec-10] com.yunhe.core.aop.WebLogAspect          : URL=http://localhost:8080/activitymanagement/commodi-tytemplate/shangpinmoban
2019-01-21 13:19:37.639  INFO 9188 --- [http-nio-8080-exec-10] com.yunhe.core.aop.WebLogAspect          : Method=GET
2019-01-21 13:19:37.639  INFO 9188 --- [http-nio-8080-exec-10] com.yunhe.core.aop.WebLogAspect          : IP=0:0:0:0:0:0:0:1
2019-01-21 13:19:37.639  INFO 9188 --- [http-nio-8080-exec-10] com.yunhe.core.aop.WebLogAspect          : Class_Method=com.yunhe.activitymanagement.controller.CommodiTytemplateController.shangpinmoban
2019-01-21 13:19:37.639  INFO 9188 --- [http-nio-8080-exec-10] com.yunhe.core.aop.WebLogAspect          : args={}
2019-01-21 13:19:37.639  INFO 9188 --- [http-nio-8080-exec-10] com.yunhe.core.aop.WebLogAspect          : HTTP_Method
2019-01-21 13:19:37.639  INFO 9188 --- [http-nio-8080-exec-10] com.yunhe.core.aop.WebLogAspect          : <--**********************日志结束**************************-->
2019-01-21 13:19:37.644  INFO 9188 --- [http-nio-8080-exec-10] com.yunhe.core.aop.WebLogAspect          : response=ModelAndView [view="activitymanagement/shangpinmoban"; model=null]
2019-01-21 13:19:37.828  INFO 9188 --- [http-nio-8080-exec-1] com.yunhe.core.aop.WebLogAspect          : <--**********************日志开始**************************-->
2019-01-21 13:19:37.828  INFO 9188 --- [http-nio-8080-exec-1] com.yunhe.core.aop.WebLogAspect          : URL=http://localhost:8080/activitymanagement/commodi-tytemplate/quertLikeList
2019-01-21 13:19:37.828  INFO 9188 --- [http-nio-8080-exec-1] com.yunhe.core.aop.WebLogAspect          : Method=GET
2019-01-21 13:19:37.829  INFO 9188 --- [http-nio-8080-exec-1] com.yunhe.core.aop.WebLogAspect          : IP=0:0:0:0:0:0:0:1
2019-01-21 13:19:37.829  INFO 9188 --- [http-nio-8080-exec-1] com.yunhe.core.aop.WebLogAspect          : Class_Method=com.yunhe.activitymanagement.controller.CommodiTytemplateController.quertLikeList
2019-01-21 13:19:37.829  INFO 9188 --- [http-nio-8080-exec-1] com.yunhe.core.aop.WebLogAspect          : args=1
2019-01-21 13:19:37.829  INFO 9188 --- [http-nio-8080-exec-1] com.yunhe.core.aop.WebLogAspect          : HTTP_Method
2019-01-21 13:19:37.829  INFO 9188 --- [http-nio-8080-exec-1] com.yunhe.core.aop.WebLogAspect          : <--**********************日志结束**************************-->
2019-01-21 13:19:37.849  INFO 9188 --- [http-nio-8080-exec-1] com.yunhe.core.aop.WebLogAspect          : response={total=13, pages=7, commodilist=[CommodiTytemplate(id=1, ctTemplateNumber=111111, ctTytemplateName=聚划算, ctTemplategoods=很多, ctRemarks=null), CommodiTytemplate(id=2, ctTemplateNumber=222222, ctTytemplateName=超实惠, ctTemplategoods=各种, ctRemarks=null)], commodiTytemplate=CommodiTytemplate(id=null, ctTemplateNumber=, ctTytemplateName=null, ctTemplategoods=null, ctRemarks=null)}
2019-01-21 13:19:48.436  INFO 9188 --- [http-nio-8080-exec-1] com.yunhe.core.aop.WebLogAspect          : <--**********************日志开始**************************-->
2019-01-21 13:19:48.436  INFO 9188 --- [http-nio-8080-exec-1] com.yunhe.core.aop.WebLogAspect          : URL=http://localhost:8080/activitymanagement/commodi-tytemplate/shangpinmoban
2019-01-21 13:19:48.436  INFO 9188 --- [http-nio-8080-exec-1] com.yunhe.core.aop.WebLogAspect          : Method=GET
2019-01-21 13:19:48.436  INFO 9188 --- [http-nio-8080-exec-1] com.yunhe.core.aop.WebLogAspect          : IP=0:0:0:0:0:0:0:1
2019-01-21 13:19:48.436  INFO 9188 --- [http-nio-8080-exec-1] com.yunhe.core.aop.WebLogAspect          : Class_Method=com.yunhe.activitymanagement.controller.CommodiTytemplateController.shangpinmoban
2019-01-21 13:19:48.436  INFO 9188 --- [http-nio-8080-exec-1] com.yunhe.core.aop.WebLogAspect          : args={}
2019-01-21 13:19:48.436  INFO 9188 --- [http-nio-8080-exec-1] com.yunhe.core.aop.WebLogAspect          : HTTP_Method
2019-01-21 13:19:48.437  INFO 9188 --- [http-nio-8080-exec-1] com.yunhe.core.aop.WebLogAspect          : <--**********************日志结束**************************-->
2019-01-21 13:19:48.437  INFO 9188 --- [http-nio-8080-exec-1] com.yunhe.core.aop.WebLogAspect          : response=ModelAndView [view="activitymanagement/shangpinmoban"; model=null]
2019-01-21 13:19:48.626  INFO 9188 --- [http-nio-8080-exec-2] com.yunhe.core.aop.WebLogAspect          : <--**********************日志开始**************************-->
2019-01-21 13:19:48.628  INFO 9188 --- [http-nio-8080-exec-2] com.yunhe.core.aop.WebLogAspect          : URL=http://localhost:8080/activitymanagement/commodi-tytemplate/quertLikeList
2019-01-21 13:19:48.628  INFO 9188 --- [http-nio-8080-exec-2] com.yunhe.core.aop.WebLogAspect          : Method=GET
2019-01-21 13:19:48.628  INFO 9188 --- [http-nio-8080-exec-2] com.yunhe.core.aop.WebLogAspect          : IP=0:0:0:0:0:0:0:1
2019-01-21 13:19:48.628  INFO 9188 --- [http-nio-8080-exec-2] com.yunhe.core.aop.WebLogAspect          : Class_Method=com.yunhe.activitymanagement.controller.CommodiTytemplateController.quertLikeList
2019-01-21 13:19:48.628  INFO 9188 --- [http-nio-8080-exec-2] com.yunhe.core.aop.WebLogAspect          : args=1
2019-01-21 13:19:48.628  INFO 9188 --- [http-nio-8080-exec-2] com.yunhe.core.aop.WebLogAspect          : HTTP_Method
2019-01-21 13:19:48.628  INFO 9188 --- [http-nio-8080-exec-2] com.yunhe.core.aop.WebLogAspect          : <--**********************日志结束**************************-->
2019-01-21 13:19:48.638  INFO 9188 --- [http-nio-8080-exec-2] com.yunhe.core.aop.WebLogAspect          : response={total=13, pages=7, commodilist=[CommodiTytemplate(id=1, ctTemplateNumber=111111, ctTytemplateName=聚划算, ctTemplategoods=很多, ctRemarks=null), CommodiTytemplate(id=2, ctTemplateNumber=222222, ctTytemplateName=超实惠, ctTemplategoods=各种, ctRemarks=null)], commodiTytemplate=CommodiTytemplate(id=null, ctTemplateNumber=, ctTytemplateName=null, ctTemplategoods=null, ctRemarks=null)}
